\BOOKMARK [1][-]{section*.1}{\376\377\000P\000r\000e\000f\000a\000c\000e}{}% 1
\BOOKMARK [1][-]{section.0}{\376\377\000I\000n\000t\000r\000o\000d\000u\000c\000t\000i\000o\000n}{}% 2
\BOOKMARK [2][-]{subsection.0.1}{\376\377\000O\000D\000E\000\040\000I\000V\000P\000\040\000R\000e\000v\000i\000s\000i\000o\000n}{section.0}% 3
\BOOKMARK [1][-]{section.1}{\376\377\0001\000D\000\040\000B\000o\000u\000n\000d\000a\000r\000y\000\040\000V\000a\000l\000u\000e\000\040\000P\000r\000o\000b\000l\000e\000m\000s}{}% 4
\BOOKMARK [2][-]{subsection.1.1}{\376\377\000F\000i\000n\000i\000t\000e\000\040\000D\000i\000f\000f\000e\000r\000e\000n\000c\000e\000\040\000M\000e\000t\000h\000o\000d\000s}{section.1}% 5
\BOOKMARK [3][-]{subsubsection.1.1.1}{\376\377\000F\000i\000n\000i\000t\000e\000\040\000D\000i\000f\000f\000e\000r\000e\000n\000c\000e\000\040\000F\000o\000r\000m\000u\000l\000a\000e}{subsection.1.1}% 6
\BOOKMARK [3][-]{subsubsection.1.1.2}{\376\377\000D\000i\000s\000c\000r\000e\000t\000i\000s\000a\000t\000i\000o\000n\000\040\000E\000r\000r\000o\000r\000s}{subsection.1.1}% 7
\BOOKMARK [3][-]{subsubsection.1.1.3}{\376\377\000S\000o\000l\000u\000t\000i\000o\000n\000\040\000o\000f\000f\000\040\000t\000h\000e\000\040\000M\000e\000s\000h}{subsection.1.1}% 8
\BOOKMARK [3][-]{subsubsection.1.1.4}{\376\377\000A\000\040\000l\000i\000n\000e\000a\000r\000\040\000B\000V\000P\000\040\000w\000i\000t\000h\000\040\000D\000i\000r\000i\000c\000h\000l\000e\000t\000\040\000B\000C\000s}{subsection.1.1}% 9
\BOOKMARK [3][-]{subsubsection.1.1.5}{\376\377\000E\000r\000r\000o\000r\000\040\000a\000n\000a\000l\000y\000s\000i\000s}{subsection.1.1}% 10
\BOOKMARK [3][-]{subsubsection.1.1.6}{\376\377\000O\000t\000h\000e\000r\000\040\000b\000o\000u\000n\000d\000a\000r\000y\000\040\000c\000o\000n\000d\000i\000t\000i\000o\000n\000s}{subsection.1.1}% 11
\BOOKMARK [2][-]{subsection.1.2}{\376\377\000M\000e\000t\000h\000o\000d\000\040\000o\000f\000\040\000W\000e\000i\000g\000h\000t\000e\000d\000\040\000R\000e\000s\000i\000d\000u\000a\000l\000s}{section.1}% 12
\BOOKMARK [2][-]{subsection.1.3}{\376\377\000C\000o\000l\000l\000o\000c\000a\000t\000i\000o\000n\000\040\000m\000e\000t\000h\000o\000d\000s}{section.1}% 13
\BOOKMARK [3][-]{subsubsection.1.3.1}{\376\377\000S\000p\000e\000c\000t\000r\000a\000l\000\040\000C\000o\000l\000l\000o\000c\000a\000t\000i\000o\000n}{subsection.1.3}% 14
\BOOKMARK [2][-]{subsection.1.4}{\376\377\000G\000a\000l\000e\000r\000k\000i\000n\000\040\000M\000e\000t\000h\000o\000d\000s}{section.1}% 15
\BOOKMARK [3][-]{subsubsection.1.4.1}{\376\377\000W\000e\000a\000k\000\040\000F\000o\000r\000m\000u\000l\000a\000t\000i\000o\000n}{subsection.1.4}% 16
\BOOKMARK [3][-]{subsubsection.1.4.2}{\376\377\000G\000a\000l\000e\000r\000k\000i\000n\000\040\000E\000q\000u\000a\000t\000i\000o\000n\000s}{subsection.1.4}% 17
\BOOKMARK [3][-]{subsubsection.1.4.3}{\376\377\000F\000i\000n\000i\000t\000e\000\040\000E\000l\000e\000m\000e\000n\000t\000\040\000M\000e\000t\000h\000o\000d\000s}{subsection.1.4}% 18
\BOOKMARK [2][-]{subsection.1.5}{\376\377\000H\000a\000n\000d\000l\000i\000n\000g\000\040\000n\000o\000n\000l\000i\000n\000e\000a\000r\000i\000t\000i\000e\000s}{section.1}% 19
\BOOKMARK [3][-]{subsubsection.1.5.1}{\376\377\000N\000o\000n\000l\000i\000n\000e\000a\000r\000\040\000e\000q\000u\000a\000t\000i\000o\000n\000s}{subsection.1.5}% 20
\BOOKMARK [3][-]{subsubsection.1.5.2}{\376\377\000F\000i\000x\000e\000d\000\040\000p\000o\000i\000n\000t\000\040\000\050\000P\000i\000c\000a\000r\000d\000\051\000\040\000i\000t\000e\000r\000a\000t\000i\000o\000n}{subsection.1.5}% 21
\BOOKMARK [3][-]{subsubsection.1.5.3}{\376\377\000N\000e\000w\000t\000o\000n\000'\000s\000\040\000M\000e\000t\000h\000o\000d}{subsection.1.5}% 22
\BOOKMARK [3][-]{subsubsection.1.5.4}{\376\377\000I\000m\000p\000r\000o\000v\000i\000n\000g\000\040\000o\000n\000\040\000N\000e\000w\000t\000o\000n}{subsection.1.5}% 23
\BOOKMARK [3][-]{subsubsection.1.5.5}{\376\377\000Q\000u\000a\000s\000i\000-\000l\000i\000n\000e\000a\000r\000i\000s\000a\000t\000i\000o\000n}{subsection.1.5}% 24
\BOOKMARK [1][-]{section.2}{\376\377\0002\000D\000\040\000E\000l\000l\000i\000p\000t\000i\000c\000\040\000P\000D\000E\000s}{}% 25
\BOOKMARK [2][-]{subsubsection.2.0.1}{\376\377\0002\000D\000\040\000P\000D\000E\000s}{section.2}% 26
\BOOKMARK [2][-]{subsection.2.1}{\376\377\000F\000D\000M\000\040\000f\000o\000r\000\040\000e\000l\000l\000i\000p\000t\000i\000c\000\040\000e\000q\000u\000a\000t\000i\000o\000n}{section.2}% 27
\BOOKMARK [3][-]{subsubsection.2.1.1}{\376\377\000D\000i\000s\000c\000r\000e\000t\000i\000s\000i\000n\000g\000\040\000t\000h\000e\000\040\000d\000o\000m\000a\000i\000n}{subsection.2.1}% 28
\BOOKMARK [3][-]{subsubsection.2.1.2}{\376\377\000O\000r\000d\000e\000r\000i\000n\000g\000\040\000u\000n\000k\000n\000o\000w\000n\000s\000:}{subsection.2.1}% 29
\BOOKMARK [3][-]{subsubsection.2.1.3}{\376\377\000E\000r\000r\000o\000r\000\040\000A\000n\000a\000l\000y\000s\000i\000s}{subsection.2.1}% 30
\BOOKMARK [3][-]{subsubsection.2.1.4}{\376\377\0002\000D\000\040\000E\000x\000a\000m\000p\000l\000e}{subsection.2.1}% 31
\BOOKMARK [3][-]{subsubsection.2.1.5}{\376\377\000O\000t\000h\000e\000r\000\040\000t\000o\000p\000i\000c\000s}{subsection.2.1}% 32
\BOOKMARK [2][-]{subsection.2.2}{\376\377\000F\000i\000n\000i\000t\000e\000\040\000E\000l\000e\000m\000e\000n\000t\000\040\000M\000e\000t\000h\000o\000d\000s\000\040\000i\000n\000\040\0002\000D}{section.2}% 33
\BOOKMARK [3][-]{subsubsection.2.2.1}{\376\377\000S\000t\000e\000p\000\040\0001\000:\000\040\000w\000e\000a\000k\000\040\000f\000o\000r\000m}{subsection.2.2}% 34
\BOOKMARK [3][-]{subsubsection.2.2.2}{\376\377\000S\000t\000e\000p\000\040\0002\000:\000\040\000t\000r\000i\000a\000l\000/\000t\000e\000s\000t\000\040\000s\000p\000a\000c\000e\000s}{subsection.2.2}% 35
\BOOKMARK [3][-]{subsubsection.2.2.3}{\376\377\000S\000t\000e\000p\000\040\0003\000:\000\040\000G\000a\000l\000e\000r\000k\000i\000n\000\040\000e\000q\000u\000a\000t\000i\000o\000n\000s}{subsection.2.2}% 36
\BOOKMARK [3][-]{subsubsection.2.2.4}{\376\377\000S\000t\000e\000p\000\040\0004\000:\000\040\000m\000e\000s\000h\000\040\000g\000e\000n\000e\000r\000a\000t\000i\000o\000n}{subsection.2.2}% 37
\BOOKMARK [3][-]{subsubsection.2.2.5}{\376\377\000S\000t\000e\000p\000\040\0005\000:\000\040\000f\000i\000n\000i\000t\000e\000\040\000e\000l\000e\000m\000e\000n\000t\000\040\000s\000p\000a\000c\000e}{subsection.2.2}% 38
\BOOKMARK [3][-]{subsubsection.2.2.6}{\376\377\000O\000t\000h\000e\000r\000\040\000b\000a\000s\000i\000s\000\040\000f\000u\000n\000c\000t\000i\000o\000n\000s}{subsection.2.2}% 39
\BOOKMARK [3][-]{subsubsection.2.2.7}{\376\377\000P\000r\000a\000c\000t\000i\000c\000e\000\040\000t\000i\000m\000e}{subsection.2.2}% 40
\BOOKMARK [2][-]{subsection.2.3}{\376\377\000S\000p\000a\000r\000s\000e\000\040\000s\000o\000l\000v\000e\000r\000s}{section.2}% 41
\BOOKMARK [3][-]{subsubsection.2.3.1}{\376\377\000D\000i\000r\000e\000c\000t\000\040\000S\000p\000a\000r\000s\000e\000\040\000m\000e\000t\000h\000o\000d\000s}{subsection.2.3}% 42
\BOOKMARK [3][-]{subsubsection.2.3.2}{\376\377\000I\000t\000e\000r\000a\000t\000i\000v\000e\000\040\000s\000o\000l\000v\000e\000r\000s}{subsection.2.3}% 43
\BOOKMARK [3][-]{subsubsection.2.3.3}{\376\377\000K\000r\000y\000l\000o\000v\000\040\000s\000u\000b\000s\000p\000a\000c\000e\000\040\000m\000e\000t\000h\000o\000d\000s}{subsection.2.3}% 44
\BOOKMARK [3][-]{subsubsection.2.3.4}{\376\377\000G\000r\000a\000d\000i\000e\000n\000t\000\040\000m\000e\000t\000h\000o\000d\000\040\000\050\000s\000t\000e\000e\000p\000e\000s\000t\000\040\000d\000e\000s\000c\000e\000n\000t\000\051}{subsection.2.3}% 45
\BOOKMARK [3][-]{subsubsection.2.3.5}{\376\377\000C\000o\000n\000j\000u\000g\000a\000t\000e\000\040\000G\000r\000a\000d\000i\000e\000n\000t\000\040\000m\000e\000t\000h\000o\000d}{subsection.2.3}% 46
\BOOKMARK [3][-]{subsubsection.2.3.6}{\376\377\000P\000r\000e\000c\000o\000n\000d\000i\000t\000i\000o\000n\000e\000d\000\040\000c\000o\000n\000j\000u\000g\000a\000t\000e\000\040\000g\000r\000a\000d\000i\000e\000n\000t\000\040\000\050\000P\000C\000G\000\051}{subsection.2.3}% 47
\BOOKMARK [1][-]{section.3}{\376\377\000E\000v\000o\000l\000u\000t\000i\000o\000n\000\040\000P\000D\000E\000s\000\040\000\050\000i\000n\000\040\0001\000+\0001\000\040\000D\000\051}{}% 48
\BOOKMARK [2][-]{subsection.3.1}{\376\377\000S\000e\000m\000i\000-\000d\000i\000s\000c\000r\000e\000t\000i\000s\000a\000t\000i\000o\000n}{section.3}% 49
\BOOKMARK [3][-]{subsubsection.3.1.1}{\376\377\000U\000s\000i\000n\000g\000\040\000F\000i\000n\000i\000t\000e\000\040\000D\000i\000f\000f\000e\000r\000e\000n\000c\000e\000\040\000t\000o\000\040\000s\000e\000m\000i\000-\000d\000i\000s\000c\000r\000e\000t\000i\000z\000e}{subsection.3.1}% 50
\BOOKMARK [3][-]{subsubsection.3.1.2}{\376\377\000U\000s\000i\000n\000g\000\040\000F\000E\000M\000\040\000t\000o\000\040\000s\000e\000m\000i\000-\000d\000i\000s\000c\000r\000e\000t\000i\000z\000e}{subsection.3.1}% 51
\BOOKMARK [3][-]{subsubsection.3.1.3}{\376\377\000R\000e\000c\000a\000p\000\040\000o\000f\000\040\000I\000V\000P\000\040\000s\000o\000l\000v\000e\000r\000s}{subsection.3.1}% 52
\BOOKMARK [3][-]{subsubsection.3.1.4}{\376\377\000L\000i\000n\000e\000a\000r\000\040\000S\000t\000a\000b\000i\000l\000i\000t\000y\000\040\000A\000n\000a\000l\000y\000s\000i\000s}{subsection.3.1}% 53
\BOOKMARK [3][-]{subsubsection.3.1.5}{\376\377\000T\000h\000e\000\040\000H\000e\000a\000t\000\040\000E\000q\000u\000a\000t\000i\000o\000n}{subsection.3.1}% 54
\BOOKMARK [3][-]{subsubsection.3.1.6}{\376\377\000T\000h\000e\000\040\000H\000e\000a\000t\000\040\000E\000q\000u\000a\000t\000i\000o\000n\000:\000\040\000S\000e\000p\000e\000r\000a\000b\000l\000e\000\040\000S\000o\000l\000u\000t\000i\000o\000n\000s}{subsection.3.1}% 55
\BOOKMARK [2][-]{subsection.3.2}{\376\377\000F\000u\000l\000l\000y\000\040\000d\000i\000s\000c\000r\000e\000t\000e\000:\000\040\000P\000a\000r\000a\000b\000o\000l\000i\000c\000\040\000P\000D\000E\000s}{section.3}% 56
\BOOKMARK [3][-]{subsubsection.3.2.1}{\376\377\000F\000T\000C\000S\000\040\000\050\000F\000o\000r\000w\000a\000r\000d\000\040\000T\000i\000m\000e\000,\000\040\000C\000e\000n\000t\000r\000a\000l\000\040\000S\000p\000a\000c\000e\000\051}{subsection.3.2}% 57
\BOOKMARK [3][-]{subsubsection.3.2.2}{\376\377\000B\000T\000C\000S\000\040\000\050\000B\000a\000c\000k\000w\000a\000r\000d\000s\000\040\000T\000i\000m\000e\000,\000\040\000C\000e\000n\000t\000r\000a\000l\000\040\000S\000p\000a\000c\000e\000\051}{subsection.3.2}% 58
\BOOKMARK [3][-]{subsubsection.3.2.3}{\376\377\000C\000r\000a\000n\000k\000-\000N\000i\000c\000h\000o\000l\000s\000o\000n\000\040\000M\000e\000t\000h\000o\000d\000\040\000\050\000I\000m\000p\000l\000i\000c\000i\000t\000\040\000T\000r\000a\000p\000e\000z\000o\000i\000d\000\040\000R\000u\000l\000e\000\051}{subsection.3.2}% 59
\BOOKMARK [3][-]{subsubsection.3.2.4}{\376\377\000V\000o\000n\000\040\000N\000e\000u\000m\000a\000n\000n\000\040\000S\000t\000a\000b\000i\000l\000i\000t\000y\000\040\000A\000n\000a\000l\000y\000s\000i\000s}{subsection.3.2}% 60
\BOOKMARK [3][-]{subsubsection.3.2.5}{\376\377\0001\000+\0002\000D\000\040\000p\000a\000r\000a\000b\000o\000l\000i\000c\000\040\000p\000r\000o\000b\000l\000e\000m}{subsection.3.2}% 61
\BOOKMARK [3][-]{subsubsection.3.2.6}{\376\377\000L\000O\000D\000:\000\040\000L\000o\000c\000a\000l\000l\000y\000\040\000O\000n\000e\000-\000D\000i\000m\000e\000n\000s\000i\000o\000n\000a\000l}{subsection.3.2}% 62
\BOOKMARK [3][-]{subsubsection.3.2.7}{\376\377\000A\000D\000I\000:\000\040\000A\000l\000t\000e\000r\000n\000a\000t\000i\000v\000e\000\040\000D\000i\000r\000e\000c\000t\000i\000o\000n\000\040\000I\000m\000p\000l\000i\000c\000i\000t}{subsection.3.2}% 63
\BOOKMARK [2][-]{subsection.3.3}{\376\377\000F\000u\000l\000l\000y\000\040\000d\000i\000s\000c\000r\000e\000t\000e\000:\000\040\000H\000y\000p\000e\000r\000b\000o\000l\000i\000c\000\040\000P\000D\000E\000s}{section.3}% 64
\BOOKMARK [3][-]{subsubsection.3.3.1}{\376\377\000T\000h\000e\000\040\000A\000d\000v\000e\000c\000t\000i\000o\000n\000\040\000E\000q\000u\000a\000t\000i\000o\000n}{subsection.3.3}% 65
\BOOKMARK [3][-]{subsubsection.3.3.2}{\376\377\000M\000e\000t\000h\000o\000d\000\040\000o\000f\000\040\000L\000i\000n\000e\000s}{subsection.3.3}% 66
\BOOKMARK [3][-]{subsubsection.3.3.3}{\376\377\000L\000e\000a\000p\000f\000r\000o\000g\000\040\000M\000e\000t\000h\000o\000d\000s}{subsection.3.3}% 67
\BOOKMARK [3][-]{subsubsection.3.3.4}{\376\377\000L\000a\000x\000-\000F\000r\000i\000e\000d\000r\000i\000c\000h\000s\000\040\000M\000e\000t\000h\000o\000d\000\040\000\050\000L\000x\000F\000\051}{subsection.3.3}% 68
\BOOKMARK [3][-]{subsubsection.3.3.5}{\376\377\000L\000a\000x\000-\000W\000e\000n\000d\000r\000o\000f\000f\000\040\000M\000e\000t\000h\000o\000d\000\040\000\050\000L\000x\000W\000\051}{subsection.3.3}% 69
\BOOKMARK [3][-]{subsubsection.3.3.6}{\376\377\000U\000p\000w\000i\000n\000d\000\040\000M\000e\000t\000h\000o\000d\000s}{subsection.3.3}% 70
\BOOKMARK [3][-]{subsubsection.3.3.7}{\376\377\000U\000p\000w\000i\000n\000d\000\040\000M\000e\000t\000h\000o\000d\000s\000:\000\040\000A\000l\000t\000e\000r\000n\000a\000t\000i\000v\000e\000\040\000d\000e\000r\000i\000v\000a\000t\000i\000o\000n}{subsection.3.3}% 71
\BOOKMARK [3][-]{subsubsection.3.3.8}{\376\377\000U\000p\000w\000i\000n\000d\000\040\000M\000e\000t\000h\000o\000d\000s\000:\000\040\000D\000o\000m\000a\000i\000n\000\040\000o\000f\000\040\000D\000e\000p\000e\000n\000d\000e\000n\000c\000e}{subsection.3.3}% 72
\BOOKMARK [3][-]{subsubsection.3.3.9}{\376\377\000C\000F\000L\000\040\000C\000o\000n\000d\000i\000t\000i\000o\000n\000\040\000\050\000C\000o\000u\000r\000a\000n\000t\040\023\000F\000r\000i\000e\000d\000r\000i\000c\000h\000s\040\023\000L\000e\000w\000y\000,\000\040\0001\0009\0002\0008\000\051}{subsection.3.3}% 73
\BOOKMARK [1][-]{section.4}{\376\377\000T\000i\000p\000s\000\040\000f\000o\000r\000\040\000G\000i\000v\000i\000n\000g\000\040\000a\000\040\000G\000o\000o\000d\000\040\000T\000a\000l\000k}{}% 74
\BOOKMARK [2][-]{subsection.4.1}{\376\377\000C\000o\000n\000t\000e\000n\000t}{section.4}% 75
\BOOKMARK [2][-]{subsection.4.2}{\376\377\000P\000r\000e\000s\000e\000n\000t\000a\000t\000i\000o\000n}{section.4}% 76
\BOOKMARK [2][-]{subsection.4.3}{\376\377\000T\000i\000m\000e}{section.4}% 77
